2022-05-31 23:35:30,956:INFO:PyCaret Supervised Module
2022-05-31 23:35:30,958:INFO:ML Usecase: regression
2022-05-31 23:35:30,958:INFO:version 2.3.10
2022-05-31 23:35:30,958:INFO:Initializing setup()
2022-05-31 23:35:30,958:INFO:setup(target=duration, ml_usecase=regression, available_plots={'parameter': 'Hyperparameters', 'residuals': 'Residuals', 'error': 'Prediction Error', 'cooks': 'Cooks Distance', 'rfe': 'Feature Selection', 'learning': 'Learning Curve', 'manifold': 'Manifold Learning', 'vc': 'Validation Curve', 'feature': 'Feature Importance', 'feature_all': 'Feature Importance (All)', 'tree': 'Decision Tree', 'residuals_interactive': 'Interactive Residuals'}, train_size=0.7, test_data=None, preprocess=True, imputation_type=simple, iterative_imputation_iters=5, categorical_features=None, categorical_imputation=constant, categorical_iterative_imputer=lightgbm, ordinal_features=None, high_cardinality_features=None, high_cardinality_method=frequency, numeric_features=None, numeric_imputation=mean, numeric_iterative_imputer=lightgbm, date_features=None, ignore_features=['pickup_datetime', 'dropOff_datetime', 'SR_Flag', 'dispatching_base_num', 'Affiliated_base_number'], normalize=False, normalize_method=zscore, transformation=False, transformation_method=yeo-johnson, handle_unknown_categorical=True, unknown_categorical_method=least_frequent, pca=False, pca_method=linear, pca_components=None, ignore_low_variance=False, combine_rare_levels=False, rare_level_threshold=0.1, bin_numeric_features=None, remove_outliers=False, outliers_threshold=0.05, remove_multicollinearity=False, multicollinearity_threshold=0.9, remove_perfect_collinearity=True, create_clusters=False, cluster_iter=20, polynomial_features=False, polynomial_degree=2, trigonometry_features=False, polynomial_threshold=0.1, group_features=None, group_names=None, feature_selection=False, feature_selection_threshold=0.8, feature_selection_method=classic, feature_interaction=False, feature_ratio=False, interaction_threshold=0.01, fix_imbalance=False, fix_imbalance_method=None, transform_target=False, transform_target_method=box-cox, data_split_shuffle=True, data_split_stratify=False, fold_strategy=kfold, fold=10, fold_shuffle=False, fold_groups=None, n_jobs=-1, use_gpu=False, custom_pipeline=None, html=True, session_id=None, log_experiment=True, experiment_name=trip-arrival-prediction, experiment_custom_tags=None, log_plots=['residuals', 'error', 'feature'], log_profile=True, log_data=True, silent=False, verbose=True, profile=True, profile_kwargs=None, display=None)
2022-05-31 23:35:30,959:INFO:Checking environment
2022-05-31 23:35:30,959:INFO:python_version: 3.7.3
2022-05-31 23:35:30,959:INFO:python_build: ('default', 'Mar 27 2019 17:13:21')
2022-05-31 23:35:30,960:INFO:machine: AMD64
2022-05-31 23:35:30,960:INFO:platform: Windows-10-10.0.19041-SP0
2022-05-31 23:35:30,960:INFO:Memory: svmem(total=8434626560, available=686125056, percent=91.9, used=7748501504, free=686125056)
2022-05-31 23:35:30,960:INFO:Physical Core: 2
2022-05-31 23:35:30,960:INFO:Logical Core: 4
2022-05-31 23:35:30,960:INFO:Checking libraries
2022-05-31 23:35:30,960:INFO:pd==1.3.5
2022-05-31 23:35:30,960:INFO:numpy==1.21.5
2022-05-31 23:35:30,961:INFO:sklearn==1.0.2
2022-05-31 23:42:29,913:INFO:PyCaret Supervised Module
2022-05-31 23:42:29,914:INFO:ML Usecase: regression
2022-05-31 23:42:29,914:INFO:version 2.3.10
2022-05-31 23:42:29,916:INFO:Initializing setup()
2022-05-31 23:42:29,916:INFO:setup(target=duration, ml_usecase=regression, available_plots={'parameter': 'Hyperparameters', 'residuals': 'Residuals', 'error': 'Prediction Error', 'cooks': 'Cooks Distance', 'rfe': 'Feature Selection', 'learning': 'Learning Curve', 'manifold': 'Manifold Learning', 'vc': 'Validation Curve', 'feature': 'Feature Importance', 'feature_all': 'Feature Importance (All)', 'tree': 'Decision Tree', 'residuals_interactive': 'Interactive Residuals'}, train_size=0.7, test_data=None, preprocess=True, imputation_type=simple, iterative_imputation_iters=5, categorical_features=None, categorical_imputation=constant, categorical_iterative_imputer=lightgbm, ordinal_features=None, high_cardinality_features=None, high_cardinality_method=frequency, numeric_features=None, numeric_imputation=mean, numeric_iterative_imputer=lightgbm, date_features=None, ignore_features=['pickup_datetime', 'dropOff_datetime', 'SR_Flag', 'dispatching_base_num', 'Affiliated_base_number'], normalize=False, normalize_method=zscore, transformation=False, transformation_method=yeo-johnson, handle_unknown_categorical=True, unknown_categorical_method=least_frequent, pca=False, pca_method=linear, pca_components=None, ignore_low_variance=False, combine_rare_levels=False, rare_level_threshold=0.1, bin_numeric_features=None, remove_outliers=False, outliers_threshold=0.05, remove_multicollinearity=False, multicollinearity_threshold=0.9, remove_perfect_collinearity=True, create_clusters=False, cluster_iter=20, polynomial_features=False, polynomial_degree=2, trigonometry_features=False, polynomial_threshold=0.1, group_features=None, group_names=None, feature_selection=False, feature_selection_threshold=0.8, feature_selection_method=classic, feature_interaction=False, feature_ratio=False, interaction_threshold=0.01, fix_imbalance=False, fix_imbalance_method=None, transform_target=False, transform_target_method=box-cox, data_split_shuffle=True, data_split_stratify=False, fold_strategy=kfold, fold=10, fold_shuffle=False, fold_groups=None, n_jobs=-1, use_gpu=False, custom_pipeline=None, html=True, session_id=None, log_experiment=True, experiment_name=trip-arrival-prediction, experiment_custom_tags=None, log_plots=['residuals', 'error', 'feature'], log_profile=True, log_data=True, silent=False, verbose=True, profile=True, profile_kwargs=None, display=None)
2022-05-31 23:42:29,916:INFO:Checking environment
2022-05-31 23:42:29,917:INFO:python_version: 3.7.3
2022-05-31 23:42:29,917:INFO:python_build: ('default', 'Mar 27 2019 17:13:21')
2022-05-31 23:42:29,918:INFO:machine: AMD64
2022-05-31 23:42:29,918:INFO:platform: Windows-10-10.0.19041-SP0
2022-05-31 23:42:29,919:INFO:Memory: svmem(total=8434626560, available=811839488, percent=90.4, used=7622787072, free=811839488)
2022-05-31 23:42:29,920:INFO:Physical Core: 2
2022-05-31 23:42:29,920:INFO:Logical Core: 4
2022-05-31 23:42:29,920:INFO:Checking libraries
2022-05-31 23:42:29,920:INFO:pd==1.3.5
2022-05-31 23:42:29,921:INFO:numpy==1.21.5
2022-05-31 23:42:29,921:INFO:sklearn==1.0.2
2022-05-31 23:46:00,473:INFO:PyCaret Supervised Module
2022-05-31 23:46:00,474:INFO:ML Usecase: regression
2022-05-31 23:46:00,474:INFO:version 2.3.10
2022-05-31 23:46:00,475:INFO:Initializing setup()
2022-05-31 23:46:00,475:INFO:setup(target=duration, ml_usecase=regression, available_plots={'parameter': 'Hyperparameters', 'residuals': 'Residuals', 'error': 'Prediction Error', 'cooks': 'Cooks Distance', 'rfe': 'Feature Selection', 'learning': 'Learning Curve', 'manifold': 'Manifold Learning', 'vc': 'Validation Curve', 'feature': 'Feature Importance', 'feature_all': 'Feature Importance (All)', 'tree': 'Decision Tree', 'residuals_interactive': 'Interactive Residuals'}, train_size=0.7, test_data=None, preprocess=True, imputation_type=simple, iterative_imputation_iters=5, categorical_features=None, categorical_imputation=constant, categorical_iterative_imputer=lightgbm, ordinal_features=None, high_cardinality_features=None, high_cardinality_method=frequency, numeric_features=None, numeric_imputation=mean, numeric_iterative_imputer=lightgbm, date_features=None, ignore_features=['pickup_datetime', 'dropOff_datetime', 'SR_Flag', 'dispatching_base_num', 'Affiliated_base_number'], normalize=False, normalize_method=zscore, transformation=False, transformation_method=yeo-johnson, handle_unknown_categorical=True, unknown_categorical_method=least_frequent, pca=False, pca_method=linear, pca_components=None, ignore_low_variance=False, combine_rare_levels=False, rare_level_threshold=0.1, bin_numeric_features=None, remove_outliers=False, outliers_threshold=0.05, remove_multicollinearity=False, multicollinearity_threshold=0.9, remove_perfect_collinearity=True, create_clusters=False, cluster_iter=20, polynomial_features=False, polynomial_degree=2, trigonometry_features=False, polynomial_threshold=0.1, group_features=None, group_names=None, feature_selection=False, feature_selection_threshold=0.8, feature_selection_method=classic, feature_interaction=False, feature_ratio=False, interaction_threshold=0.01, fix_imbalance=False, fix_imbalance_method=None, transform_target=False, transform_target_method=box-cox, data_split_shuffle=True, data_split_stratify=False, fold_strategy=kfold, fold=10, fold_shuffle=False, fold_groups=None, n_jobs=-1, use_gpu=False, custom_pipeline=None, html=True, session_id=None, log_experiment=True, experiment_name=trip-arrival-prediction, experiment_custom_tags=None, log_plots=['residuals', 'error', 'feature'], log_profile=True, log_data=True, silent=False, verbose=True, profile=True, profile_kwargs=None, display=None)
2022-05-31 23:46:00,475:INFO:Checking environment
2022-05-31 23:46:00,476:INFO:python_version: 3.7.3
2022-05-31 23:46:00,476:INFO:python_build: ('default', 'Mar 27 2019 17:13:21')
2022-05-31 23:46:00,477:INFO:machine: AMD64
2022-05-31 23:46:00,477:INFO:platform: Windows-10-10.0.19041-SP0
2022-05-31 23:46:00,478:INFO:Memory: svmem(total=8434626560, available=668446720, percent=92.1, used=7766179840, free=668446720)
2022-05-31 23:46:00,478:INFO:Physical Core: 2
2022-05-31 23:46:00,478:INFO:Logical Core: 4
2022-05-31 23:46:00,483:INFO:Checking libraries
2022-05-31 23:46:00,484:INFO:pd==1.3.5
2022-05-31 23:46:00,484:INFO:numpy==1.21.5
2022-05-31 23:46:00,485:INFO:sklearn==1.0.2
2022-05-31 23:48:16,562:INFO:PyCaret Supervised Module
2022-05-31 23:48:16,566:INFO:ML Usecase: regression
2022-05-31 23:48:16,567:INFO:version 2.3.10
2022-05-31 23:48:16,567:INFO:Initializing setup()
2022-05-31 23:48:16,571:INFO:setup(target=duration, ml_usecase=regression, available_plots={'parameter': 'Hyperparameters', 'residuals': 'Residuals', 'error': 'Prediction Error', 'cooks': 'Cooks Distance', 'rfe': 'Feature Selection', 'learning': 'Learning Curve', 'manifold': 'Manifold Learning', 'vc': 'Validation Curve', 'feature': 'Feature Importance', 'feature_all': 'Feature Importance (All)', 'tree': 'Decision Tree', 'residuals_interactive': 'Interactive Residuals'}, train_size=0.7, test_data=None, preprocess=True, imputation_type=simple, iterative_imputation_iters=5, categorical_features=None, categorical_imputation=constant, categorical_iterative_imputer=lightgbm, ordinal_features=None, high_cardinality_features=None, high_cardinality_method=frequency, numeric_features=None, numeric_imputation=mean, numeric_iterative_imputer=lightgbm, date_features=None, ignore_features=['pickup_datetime', 'dropOff_datetime', 'SR_Flag', 'dispatching_base_num', 'Affiliated_base_number'], normalize=False, normalize_method=zscore, transformation=False, transformation_method=yeo-johnson, handle_unknown_categorical=True, unknown_categorical_method=least_frequent, pca=False, pca_method=linear, pca_components=None, ignore_low_variance=False, combine_rare_levels=False, rare_level_threshold=0.1, bin_numeric_features=None, remove_outliers=False, outliers_threshold=0.05, remove_multicollinearity=False, multicollinearity_threshold=0.9, remove_perfect_collinearity=True, create_clusters=False, cluster_iter=20, polynomial_features=False, polynomial_degree=2, trigonometry_features=False, polynomial_threshold=0.1, group_features=None, group_names=None, feature_selection=False, feature_selection_threshold=0.8, feature_selection_method=classic, feature_interaction=False, feature_ratio=False, interaction_threshold=0.01, fix_imbalance=False, fix_imbalance_method=None, transform_target=False, transform_target_method=box-cox, data_split_shuffle=True, data_split_stratify=False, fold_strategy=kfold, fold=10, fold_shuffle=False, fold_groups=None, n_jobs=-1, use_gpu=False, custom_pipeline=None, html=True, session_id=None, log_experiment=True, experiment_name=trip-arrival-prediction, experiment_custom_tags=None, log_plots=['residuals', 'error', 'feature'], log_profile=True, log_data=True, silent=False, verbose=True, profile=True, profile_kwargs=None, display=None)
2022-05-31 23:48:16,571:INFO:Checking environment
2022-05-31 23:48:16,572:INFO:python_version: 3.7.3
2022-05-31 23:48:16,572:INFO:python_build: ('default', 'Mar 27 2019 17:13:21')
2022-05-31 23:48:16,572:INFO:machine: AMD64
2022-05-31 23:48:16,572:INFO:platform: Windows-10-10.0.19041-SP0
2022-05-31 23:48:16,572:INFO:Memory: svmem(total=8434626560, available=990142464, percent=88.3, used=7444484096, free=990142464)
2022-05-31 23:48:16,573:INFO:Physical Core: 2
2022-05-31 23:48:16,573:INFO:Logical Core: 4
2022-05-31 23:48:16,573:INFO:Checking libraries
2022-05-31 23:48:16,573:INFO:pd==1.3.5
2022-05-31 23:48:16,573:INFO:numpy==1.21.5
2022-05-31 23:48:16,574:INFO:sklearn==0.23.2
2022-05-31 23:48:16,574:INFO:lightgbm==3.3.2
2022-05-31 23:48:21,561:INFO:catboost==1.0.5
2022-05-31 23:48:21,561:INFO:xgboost==1.6.1
2022-05-31 23:48:21,561:INFO:mlflow==1.26.0
2022-05-31 23:48:21,561:INFO:Checking Exceptions
2022-05-31 23:48:21,562:INFO:Declaring global variables
2022-05-31 23:48:21,562:INFO:USI: 2326
2022-05-31 23:48:21,562:INFO:pycaret_globals: {'log_plots_param', 'X', 'create_model_container', '_available_plots', 'USI', 'html_param', 'dashboard_logger', 'imputation_regressor', 'fix_imbalance_param', '_gpu_n_jobs_param', 'iterative_imputation_iters_param', 'fold_groups_param', 'display_container', 'pycaret_globals', 'y_test', 'master_model_container', 'seed', '_all_models', 'imputation_classifier', 'experiment__', '_internal_pipeline', 'fold_groups_param_full', 'prep_pipe', 'fold_shuffle_param', 'exp_name_log', 'fix_imbalance_method_param', 'fold_generator', 'y', 'transform_target_param', '_all_models_internal', 'X_test', 'target_param', 'n_jobs_param', '_all_metrics', 'X_train', 'fold_param', '_ml_usecase', 'data_before_preprocess', 'logging_param', 'transform_target_method_param', 'stratify_param', 'y_train', 'gpu_param'}
2022-05-31 23:48:21,562:INFO:Preparing display monitor
2022-05-31 23:48:21,562:INFO:Preparing display monitor
2022-05-31 23:48:21,594:INFO:Importing libraries
2022-05-31 23:48:21,595:INFO:Copying data for preprocessing
2022-05-31 23:48:21,723:INFO:Declaring preprocessing parameters
2022-05-31 23:48:21,906:INFO:Creating preprocessing pipeline
2022-05-31 23:48:23,471:INFO:Preprocessing pipeline created successfully
2022-05-31 23:48:23,472:ERROR:(Process Exit): setup has been interupted with user command 'quit'. setup must rerun.
2022-05-31 23:48:23,472:INFO:Creating global containers
2022-05-31 23:48:23,474:INFO:Internal pipeline: Pipeline(memory=None, steps=[('empty_step', 'passthrough')], verbose=False)
2022-05-31 23:48:38,186:INFO:Creating grid variables
2022-05-31 23:49:41,816:INFO:Logging experiment in MLFlow
2022-05-31 23:49:43,438:INFO:SubProcess save_model() called ==================================
2022-05-31 23:49:43,474:INFO:Initializing save_model()
2022-05-31 23:49:43,474:INFO:save_model(model=Pipeline(memory=None,
         steps=[('dtypes',
                 DataTypes_Auto_infer(categorical_features=[],
                                      display_types=True,
                                      features_todrop=['pickup_datetime',
                                                       'dropOff_datetime',
                                                       'SR_Flag',
                                                       'dispatching_base_num',
                                                       'Affiliated_base_number'],
                                      id_columns=[], ml_usecase='regression',
                                      numerical_features=[], target='duration',
                                      time_features=[])),
                ('imputer',
                 Simple_Imputer(categorical_...
                ('scaling', 'passthrough'), ('P_transform', 'passthrough'),
                ('binn', 'passthrough'), ('rem_outliers', 'passthrough'),
                ('cluster_all', 'passthrough'),
                ('dummy', Dummify(target='duration')),
                ('fix_perfect', Remove_100(target='duration')),
                ('clean_names', Clean_Colum_Names()),
                ('feature_select', 'passthrough'), ('fix_multi', 'passthrough'),
                ('dfs', 'passthrough'), ('pca', 'passthrough')],
         verbose=False), model_name=Transformation Pipeline, prep_pipe_=Pipeline(memory=None,
         steps=[('dtypes',
                 DataTypes_Auto_infer(categorical_features=[],
                                      display_types=True,
                                      features_todrop=['pickup_datetime',
                                                       'dropOff_datetime',
                                                       'SR_Flag',
                                                       'dispatching_base_num',
                                                       'Affiliated_base_number'],
                                      id_columns=[], ml_usecase='regression',
                                      numerical_features=[], target='duration',
                                      time_features=[])),
                ('imputer',
                 Simple_Imputer(categorical_...
                ('scaling', 'passthrough'), ('P_transform', 'passthrough'),
                ('binn', 'passthrough'), ('rem_outliers', 'passthrough'),
                ('cluster_all', 'passthrough'),
                ('dummy', Dummify(target='duration')),
                ('fix_perfect', Remove_100(target='duration')),
                ('clean_names', Clean_Colum_Names()),
                ('feature_select', 'passthrough'), ('fix_multi', 'passthrough'),
                ('dfs', 'passthrough'), ('pca', 'passthrough')],
         verbose=False), verbose=False, kwargs={})
2022-05-31 23:49:43,475:INFO:Adding model into prep_pipe
2022-05-31 23:49:43,480:WARNING:Only Model saved as it was a pipeline.
2022-05-31 23:49:43,491:INFO:Transformation Pipeline.pkl saved in current working directory
2022-05-31 23:49:43,535:INFO:Pipeline(memory=None,
         steps=[('dtypes',
                 DataTypes_Auto_infer(categorical_features=[],
                                      display_types=True,
                                      features_todrop=['pickup_datetime',
                                                       'dropOff_datetime',
                                                       'SR_Flag',
                                                       'dispatching_base_num',
                                                       'Affiliated_base_number'],
                                      id_columns=[], ml_usecase='regression',
                                      numerical_features=[], target='duration',
                                      time_features=[])),
                ('imputer',
                 Simple_Imputer(categorical_...
                ('scaling', 'passthrough'), ('P_transform', 'passthrough'),
                ('binn', 'passthrough'), ('rem_outliers', 'passthrough'),
                ('cluster_all', 'passthrough'),
                ('dummy', Dummify(target='duration')),
                ('fix_perfect', Remove_100(target='duration')),
                ('clean_names', Clean_Colum_Names()),
                ('feature_select', 'passthrough'), ('fix_multi', 'passthrough'),
                ('dfs', 'passthrough'), ('pca', 'passthrough')],
         verbose=False)
2022-05-31 23:49:43,535:INFO:save_model() successfully completed......................................
2022-05-31 23:49:44,009:INFO:SubProcess save_model() end ==================================
2022-05-31 23:50:50,176:INFO:create_model_container: 0
2022-05-31 23:50:50,178:INFO:master_model_container: 0
2022-05-31 23:50:50,181:INFO:display_container: 1
2022-05-31 23:50:50,189:INFO:Pipeline(memory=None,
         steps=[('dtypes',
                 DataTypes_Auto_infer(categorical_features=[],
                                      display_types=True,
                                      features_todrop=['pickup_datetime',
                                                       'dropOff_datetime',
                                                       'SR_Flag',
                                                       'dispatching_base_num',
                                                       'Affiliated_base_number'],
                                      id_columns=[], ml_usecase='regression',
                                      numerical_features=[], target='duration',
                                      time_features=[])),
                ('imputer',
                 Simple_Imputer(categorical_...
                ('scaling', 'passthrough'), ('P_transform', 'passthrough'),
                ('binn', 'passthrough'), ('rem_outliers', 'passthrough'),
                ('cluster_all', 'passthrough'),
                ('dummy', Dummify(target='duration')),
                ('fix_perfect', Remove_100(target='duration')),
                ('clean_names', Clean_Colum_Names()),
                ('feature_select', 'passthrough'), ('fix_multi', 'passthrough'),
                ('dfs', 'passthrough'), ('pca', 'passthrough')],
         verbose=False)
2022-05-31 23:50:50,191:INFO:setup() succesfully completed......................................
2022-05-31 23:50:50,964:INFO:Initializing compare_models()
2022-05-31 23:50:50,964:INFO:compare_models(include=None, fold=None, round=4, cross_validation=True, sort=R2, n_select=1, budget_time=None, turbo=True, errors=ignore, fit_kwargs=None, groups=None, experiment_custom_tags=None, probability_threshold=None, verbose=True, display=None, exclude=None)
2022-05-31 23:50:50,964:INFO:Checking exceptions
2022-05-31 23:50:50,965:INFO:Preparing display monitor
2022-05-31 23:50:50,965:INFO:Preparing display monitor
2022-05-31 23:50:51,033:INFO:Initializing Linear Regression
2022-05-31 23:50:51,034:INFO:Total runtime is 1.733700434366862e-05 minutes
2022-05-31 23:50:51,065:INFO:SubProcess create_model() called ==================================
2022-05-31 23:50:51,067:INFO:Initializing create_model()
2022-05-31 23:50:51,067:INFO:create_model(estimator=lr, fold=KFold(n_splits=10, random_state=None, shuffle=False), round=4, cross_validation=True, predict=True, fit_kwargs={}, groups=None, refit=False, verbose=False, system=False, metrics=None, experiment_custom_tags=None, add_to_model_list=True, probability_threshold=None, display=<pycaret.internal.Display.Display object at 0x000001BBEE86BF60>, return_train_score=False, kwargs={})
2022-05-31 23:50:51,068:INFO:Checking exceptions
2022-05-31 23:50:51,068:INFO:Importing libraries
2022-05-31 23:50:51,068:INFO:Copying training dataset
2022-05-31 23:50:51,082:INFO:Defining folds
2022-05-31 23:50:51,083:INFO:Declaring metric variables
2022-05-31 23:50:51,114:INFO:Importing untrained model
2022-05-31 23:50:51,142:INFO:Linear Regression Imported succesfully
2022-05-31 23:50:51,230:INFO:Starting cross validation
2022-05-31 23:50:51,269:INFO:Cross validating with KFold(n_splits=10, random_state=None, shuffle=False), n_jobs=-1
2022-05-31 23:51:02,314:INFO:Calculating mean and std
2022-05-31 23:51:02,316:INFO:Creating metrics dataframe
2022-05-31 23:51:02,331:INFO:Uploading results into container
2022-05-31 23:51:02,332:INFO:Uploading model into container now
2022-05-31 23:51:02,332:INFO:create_model_container: 1
2022-05-31 23:51:02,332:INFO:master_model_container: 1
2022-05-31 23:51:02,332:INFO:display_container: 2
2022-05-31 23:51:02,333:INFO:LinearRegression(copy_X=True, fit_intercept=True, n_jobs=-1, normalize=False)
2022-05-31 23:51:02,333:INFO:create_model() succesfully completed......................................
2022-05-31 23:51:02,792:INFO:SubProcess create_model() end ==================================
2022-05-31 23:51:02,792:INFO:Creating metrics dataframe
2022-05-31 23:51:02,824:INFO:Initializing Lasso Regression
2022-05-31 23:51:02,824:INFO:Total runtime is 0.19651267925898233 minutes
2022-05-31 23:51:02,844:INFO:SubProcess create_model() called ==================================
2022-05-31 23:51:02,844:INFO:Initializing create_model()
2022-05-31 23:51:02,845:INFO:create_model(estimator=lasso, fold=KFold(n_splits=10, random_state=None, shuffle=False), round=4, cross_validation=True, predict=True, fit_kwargs={}, groups=None, refit=False, verbose=False, system=False, metrics=None, experiment_custom_tags=None, add_to_model_list=True, probability_threshold=None, display=<pycaret.internal.Display.Display object at 0x000001BBEE86BF60>, return_train_score=False, kwargs={})
2022-05-31 23:51:02,845:INFO:Checking exceptions
2022-05-31 23:51:02,846:INFO:Importing libraries
2022-05-31 23:51:02,846:INFO:Copying training dataset
2022-05-31 23:51:02,855:INFO:Defining folds
2022-05-31 23:51:02,856:INFO:Declaring metric variables
2022-05-31 23:51:02,883:INFO:Importing untrained model
2022-05-31 23:51:02,913:INFO:Lasso Regression Imported succesfully
2022-05-31 23:51:02,977:INFO:Starting cross validation
2022-05-31 23:51:02,979:INFO:Cross validating with KFold(n_splits=10, random_state=None, shuffle=False), n_jobs=-1
2022-05-31 23:51:04,490:INFO:Calculating mean and std
2022-05-31 23:51:04,493:INFO:Creating metrics dataframe
2022-05-31 23:51:04,510:INFO:Uploading results into container
2022-05-31 23:51:04,510:INFO:Uploading model into container now
2022-05-31 23:51:04,511:INFO:create_model_container: 2
2022-05-31 23:51:04,511:INFO:master_model_container: 2
2022-05-31 23:51:04,511:INFO:display_container: 2
2022-05-31 23:51:04,512:INFO:Lasso(alpha=1.0, copy_X=True, fit_intercept=True, max_iter=1000,
      normalize=False, positive=False, precompute=False, random_state=3584,
      selection='cyclic', tol=0.0001, warm_start=False)
2022-05-31 23:51:04,513:INFO:create_model() succesfully completed......................................
2022-05-31 23:51:04,971:INFO:SubProcess create_model() end ==================================
2022-05-31 23:51:04,971:INFO:Creating metrics dataframe
2022-05-31 23:51:05,020:INFO:Initializing Ridge Regression
2022-05-31 23:51:05,021:INFO:Total runtime is 0.23313791354497274 minutes
2022-05-31 23:51:05,053:INFO:SubProcess create_model() called ==================================
2022-05-31 23:51:05,053:INFO:Initializing create_model()
2022-05-31 23:51:05,053:INFO:create_model(estimator=ridge, fold=KFold(n_splits=10, random_state=None, shuffle=False), round=4, cross_validation=True, predict=True, fit_kwargs={}, groups=None, refit=False, verbose=False, system=False, metrics=None, experiment_custom_tags=None, add_to_model_list=True, probability_threshold=None, display=<pycaret.internal.Display.Display object at 0x000001BBEE86BF60>, return_train_score=False, kwargs={})
2022-05-31 23:51:05,054:INFO:Checking exceptions
2022-05-31 23:51:05,055:INFO:Importing libraries
2022-05-31 23:51:05,055:INFO:Copying training dataset
2022-05-31 23:51:05,061:INFO:Defining folds
2022-05-31 23:51:05,062:INFO:Declaring metric variables
2022-05-31 23:51:05,087:INFO:Importing untrained model
2022-05-31 23:51:05,112:INFO:Ridge Regression Imported succesfully
2022-05-31 23:51:05,168:INFO:Starting cross validation
2022-05-31 23:51:05,169:INFO:Cross validating with KFold(n_splits=10, random_state=None, shuffle=False), n_jobs=-1
2022-05-31 23:51:06,337:INFO:Calculating mean and std
2022-05-31 23:51:06,340:INFO:Creating metrics dataframe
2022-05-31 23:51:06,352:INFO:Uploading results into container
2022-05-31 23:51:06,352:INFO:Uploading model into container now
2022-05-31 23:51:06,353:INFO:create_model_container: 3
2022-05-31 23:51:06,353:INFO:master_model_container: 3
2022-05-31 23:51:06,353:INFO:display_container: 2
2022-05-31 23:51:06,354:INFO:Ridge(alpha=1.0, copy_X=True, fit_intercept=True, max_iter=None,
      normalize=False, random_state=3584, solver='auto', tol=0.001)
2022-05-31 23:51:06,354:INFO:create_model() succesfully completed......................................
2022-05-31 23:51:06,714:INFO:SubProcess create_model() end ==================================
2022-05-31 23:51:06,715:INFO:Creating metrics dataframe
2022-05-31 23:51:06,762:INFO:Initializing Elastic Net
2022-05-31 23:51:06,762:INFO:Total runtime is 0.26214770873387655 minutes
2022-05-31 23:51:06,787:INFO:SubProcess create_model() called ==================================
2022-05-31 23:51:06,788:INFO:Initializing create_model()
2022-05-31 23:51:06,788:INFO:create_model(estimator=en, fold=KFold(n_splits=10, random_state=None, shuffle=False), round=4, cross_validation=True, predict=True, fit_kwargs={}, groups=None, refit=False, verbose=False, system=False, metrics=None, experiment_custom_tags=None, add_to_model_list=True, probability_threshold=None, display=<pycaret.internal.Display.Display object at 0x000001BBEE86BF60>, return_train_score=False, kwargs={})
2022-05-31 23:51:06,788:INFO:Checking exceptions
2022-05-31 23:51:06,788:INFO:Importing libraries
2022-05-31 23:51:06,789:INFO:Copying training dataset
2022-05-31 23:51:06,796:INFO:Defining folds
2022-05-31 23:51:06,796:INFO:Declaring metric variables
2022-05-31 23:51:06,818:INFO:Importing untrained model
2022-05-31 23:51:06,840:INFO:Elastic Net Imported succesfully
2022-05-31 23:51:06,879:INFO:Starting cross validation
2022-05-31 23:51:06,880:INFO:Cross validating with KFold(n_splits=10, random_state=None, shuffle=False), n_jobs=-1
2022-05-31 23:51:08,138:INFO:Calculating mean and std
2022-05-31 23:51:08,143:INFO:Creating metrics dataframe
2022-05-31 23:51:08,163:INFO:Uploading results into container
2022-05-31 23:51:08,164:INFO:Uploading model into container now
2022-05-31 23:51:08,164:INFO:create_model_container: 4
2022-05-31 23:51:08,165:INFO:master_model_container: 4
2022-05-31 23:51:08,165:INFO:display_container: 2
2022-05-31 23:51:08,167:INFO:ElasticNet(alpha=1.0, copy_X=True, fit_intercept=True, l1_ratio=0.5,
           max_iter=1000, normalize=False, positive=False, precompute=False,
           random_state=3584, selection='cyclic', tol=0.0001, warm_start=False)
2022-05-31 23:51:08,168:INFO:create_model() succesfully completed......................................
2022-05-31 23:51:08,663:INFO:SubProcess create_model() end ==================================
2022-05-31 23:51:08,664:INFO:Creating metrics dataframe
2022-05-31 23:51:08,725:INFO:Initializing Least Angle Regression
2022-05-31 23:51:08,726:INFO:Total runtime is 0.29488479693730674 minutes
2022-05-31 23:51:08,751:INFO:SubProcess create_model() called ==================================
2022-05-31 23:51:08,752:INFO:Initializing create_model()
2022-05-31 23:51:08,753:INFO:create_model(estimator=lar, fold=KFold(n_splits=10, random_state=None, shuffle=False), round=4, cross_validation=True, predict=True, fit_kwargs={}, groups=None, refit=False, verbose=False, system=False, metrics=None, experiment_custom_tags=None, add_to_model_list=True, probability_threshold=None, display=<pycaret.internal.Display.Display object at 0x000001BBEE86BF60>, return_train_score=False, kwargs={})
2022-05-31 23:51:08,753:INFO:Checking exceptions
2022-05-31 23:51:08,753:INFO:Importing libraries
2022-05-31 23:51:08,753:INFO:Copying training dataset
2022-05-31 23:51:08,761:INFO:Defining folds
2022-05-31 23:51:08,761:INFO:Declaring metric variables
2022-05-31 23:51:08,784:INFO:Importing untrained model
2022-05-31 23:51:08,808:INFO:Least Angle Regression Imported succesfully
2022-05-31 23:51:08,865:INFO:Starting cross validation
2022-05-31 23:51:08,867:INFO:Cross validating with KFold(n_splits=10, random_state=None, shuffle=False), n_jobs=-1
2022-05-31 23:51:10,124:INFO:Calculating mean and std
2022-05-31 23:51:10,128:INFO:Creating metrics dataframe
2022-05-31 23:51:10,148:INFO:Uploading results into container
2022-05-31 23:51:10,149:INFO:Uploading model into container now
2022-05-31 23:51:10,149:INFO:create_model_container: 5
2022-05-31 23:51:10,149:INFO:master_model_container: 5
2022-05-31 23:51:10,150:INFO:display_container: 2
2022-05-31 23:51:10,151:INFO:Lars(copy_X=True, eps=2.220446049250313e-16, fit_intercept=True, fit_path=True,
     jitter=None, n_nonzero_coefs=500, normalize=True, precompute='auto',
     random_state=3584, verbose=False)
2022-05-31 23:51:10,151:INFO:create_model() succesfully completed......................................
2022-05-31 23:51:10,641:INFO:SubProcess create_model() end ==================================
2022-05-31 23:51:10,642:INFO:Creating metrics dataframe
2022-05-31 23:51:10,713:INFO:Initializing Lasso Least Angle Regression
2022-05-31 23:51:10,714:INFO:Total runtime is 0.3280110279719035 minutes
2022-05-31 23:51:10,755:INFO:SubProcess create_model() called ==================================
2022-05-31 23:51:10,756:INFO:Initializing create_model()
2022-05-31 23:51:10,757:INFO:create_model(estimator=llar, fold=KFold(n_splits=10, random_state=None, shuffle=False), round=4, cross_validation=True, predict=True, fit_kwargs={}, groups=None, refit=False, verbose=False, system=False, metrics=None, experiment_custom_tags=None, add_to_model_list=True, probability_threshold=None, display=<pycaret.internal.Display.Display object at 0x000001BBEE86BF60>, return_train_score=False, kwargs={})
2022-05-31 23:51:10,757:INFO:Checking exceptions
2022-05-31 23:51:10,757:INFO:Importing libraries
2022-05-31 23:51:10,758:INFO:Copying training dataset
2022-05-31 23:51:10,766:INFO:Defining folds
2022-05-31 23:51:10,767:INFO:Declaring metric variables
2022-05-31 23:51:10,796:INFO:Importing untrained model
2022-05-31 23:51:10,830:INFO:Lasso Least Angle Regression Imported succesfully
2022-05-31 23:51:10,899:INFO:Starting cross validation
2022-05-31 23:51:10,902:INFO:Cross validating with KFold(n_splits=10, random_state=None, shuffle=False), n_jobs=-1
2022-05-31 23:51:12,407:INFO:Calculating mean and std
2022-05-31 23:51:12,411:INFO:Creating metrics dataframe
2022-05-31 23:51:12,429:INFO:Uploading results into container
2022-05-31 23:51:12,430:INFO:Uploading model into container now
2022-05-31 23:51:12,430:INFO:create_model_container: 6
2022-05-31 23:51:12,431:INFO:master_model_container: 6
2022-05-31 23:51:12,431:INFO:display_container: 2
2022-05-31 23:51:12,433:INFO:LassoLars(alpha=1.0, copy_X=True, eps=2.220446049250313e-16, fit_intercept=True,
          fit_path=True, jitter=None, max_iter=500, normalize=True,
          positive=False, precompute='auto', random_state=3584, verbose=False)
2022-05-31 23:51:12,433:INFO:create_model() succesfully completed......................................
2022-05-31 23:51:12,877:INFO:SubProcess create_model() end ==================================
2022-05-31 23:51:12,878:INFO:Creating metrics dataframe
2022-05-31 23:51:12,932:INFO:Initializing Orthogonal Matching Pursuit
2022-05-31 23:51:12,933:INFO:Total runtime is 0.3650025884310405 minutes
2022-05-31 23:51:12,960:INFO:SubProcess create_model() called ==================================
2022-05-31 23:51:12,962:INFO:Initializing create_model()
2022-05-31 23:51:12,962:INFO:create_model(estimator=omp, fold=KFold(n_splits=10, random_state=None, shuffle=False), round=4, cross_validation=True, predict=True, fit_kwargs={}, groups=None, refit=False, verbose=False, system=False, metrics=None, experiment_custom_tags=None, add_to_model_list=True, probability_threshold=None, display=<pycaret.internal.Display.Display object at 0x000001BBEE86BF60>, return_train_score=False, kwargs={})
2022-05-31 23:51:12,963:INFO:Checking exceptions
2022-05-31 23:51:12,963:INFO:Importing libraries
2022-05-31 23:51:12,964:INFO:Copying training dataset
2022-05-31 23:51:12,972:INFO:Defining folds
2022-05-31 23:51:12,972:INFO:Declaring metric variables
2022-05-31 23:51:12,995:INFO:Importing untrained model
2022-05-31 23:51:13,018:INFO:Orthogonal Matching Pursuit Imported succesfully
2022-05-31 23:51:13,079:INFO:Starting cross validation
2022-05-31 23:51:13,082:INFO:Cross validating with KFold(n_splits=10, random_state=None, shuffle=False), n_jobs=-1
2022-05-31 23:51:14,289:INFO:Calculating mean and std
2022-05-31 23:51:14,292:INFO:Creating metrics dataframe
2022-05-31 23:51:14,306:INFO:Uploading results into container
2022-05-31 23:51:14,307:INFO:Uploading model into container now
2022-05-31 23:51:14,307:INFO:create_model_container: 7
2022-05-31 23:51:14,308:INFO:master_model_container: 7
2022-05-31 23:51:14,308:INFO:display_container: 2
2022-05-31 23:51:14,309:INFO:OrthogonalMatchingPursuit(fit_intercept=True, n_nonzero_coefs=None,
                          normalize=True, precompute='auto', tol=None)
2022-05-31 23:51:14,309:INFO:create_model() succesfully completed......................................
2022-05-31 23:51:14,766:INFO:SubProcess create_model() end ==================================
2022-05-31 23:51:14,767:INFO:Creating metrics dataframe
2022-05-31 23:51:14,845:INFO:Initializing Bayesian Ridge
2022-05-31 23:51:14,845:INFO:Total runtime is 0.3968650976816814 minutes
2022-05-31 23:51:14,883:INFO:SubProcess create_model() called ==================================
2022-05-31 23:51:14,884:INFO:Initializing create_model()
2022-05-31 23:51:14,884:INFO:create_model(estimator=br, fold=KFold(n_splits=10, random_state=None, shuffle=False), round=4, cross_validation=True, predict=True, fit_kwargs={}, groups=None, refit=False, verbose=False, system=False, metrics=None, experiment_custom_tags=None, add_to_model_list=True, probability_threshold=None, display=<pycaret.internal.Display.Display object at 0x000001BBEE86BF60>, return_train_score=False, kwargs={})
2022-05-31 23:51:14,885:INFO:Checking exceptions
2022-05-31 23:51:14,885:INFO:Importing libraries
2022-05-31 23:51:14,886:INFO:Copying training dataset
2022-05-31 23:51:14,894:INFO:Defining folds
2022-05-31 23:51:14,894:INFO:Declaring metric variables
2022-05-31 23:51:14,927:INFO:Importing untrained model
2022-05-31 23:51:14,955:INFO:Bayesian Ridge Imported succesfully
2022-05-31 23:51:15,017:INFO:Starting cross validation
2022-05-31 23:51:15,019:INFO:Cross validating with KFold(n_splits=10, random_state=None, shuffle=False), n_jobs=-1
2022-05-31 23:51:17,250:INFO:Calculating mean and std
2022-05-31 23:51:17,253:INFO:Creating metrics dataframe
2022-05-31 23:51:17,267:INFO:Uploading results into container
2022-05-31 23:51:17,268:INFO:Uploading model into container now
2022-05-31 23:51:17,268:INFO:create_model_container: 8
2022-05-31 23:51:17,268:INFO:master_model_container: 8
2022-05-31 23:51:17,269:INFO:display_container: 2
2022-05-31 23:51:17,270:INFO:BayesianRidge(alpha_1=1e-06, alpha_2=1e-06, alpha_init=None,
              compute_score=False, copy_X=True, fit_intercept=True,
              lambda_1=1e-06, lambda_2=1e-06, lambda_init=None, n_iter=300,
              normalize=False, tol=0.001, verbose=False)
2022-05-31 23:51:17,271:INFO:create_model() succesfully completed......................................
2022-05-31 23:51:17,649:INFO:SubProcess create_model() end ==================================
2022-05-31 23:51:17,649:INFO:Creating metrics dataframe
2022-05-31 23:51:17,723:INFO:Initializing Passive Aggressive Regressor
2022-05-31 23:51:17,724:INFO:Total runtime is 0.44483257929484055 minutes
2022-05-31 23:51:17,763:INFO:SubProcess create_model() called ==================================
2022-05-31 23:51:17,765:INFO:Initializing create_model()
2022-05-31 23:51:17,765:INFO:create_model(estimator=par, fold=KFold(n_splits=10, random_state=None, shuffle=False), round=4, cross_validation=True, predict=True, fit_kwargs={}, groups=None, refit=False, verbose=False, system=False, metrics=None, experiment_custom_tags=None, add_to_model_list=True, probability_threshold=None, display=<pycaret.internal.Display.Display object at 0x000001BBEE86BF60>, return_train_score=False, kwargs={})
2022-05-31 23:51:17,766:INFO:Checking exceptions
2022-05-31 23:51:17,766:INFO:Importing libraries
2022-05-31 23:51:17,767:INFO:Copying training dataset
2022-05-31 23:51:17,776:INFO:Defining folds
2022-05-31 23:51:17,777:INFO:Declaring metric variables
2022-05-31 23:51:17,809:INFO:Importing untrained model
2022-05-31 23:51:17,841:INFO:Passive Aggressive Regressor Imported succesfully
2022-05-31 23:51:17,908:INFO:Starting cross validation
2022-05-31 23:51:17,911:INFO:Cross validating with KFold(n_splits=10, random_state=None, shuffle=False), n_jobs=-1
2022-05-31 23:51:29,580:INFO:Calculating mean and std
2022-05-31 23:51:29,584:INFO:Creating metrics dataframe
2022-05-31 23:51:29,612:INFO:Uploading results into container
2022-05-31 23:51:29,613:INFO:Uploading model into container now
2022-05-31 23:51:29,614:INFO:create_model_container: 9
2022-05-31 23:51:29,615:INFO:master_model_container: 9
2022-05-31 23:51:29,615:INFO:display_container: 2
2022-05-31 23:51:29,618:INFO:PassiveAggressiveRegressor(C=1.0, average=False, early_stopping=False,
                           epsilon=0.1, fit_intercept=True,
                           loss='epsilon_insensitive', max_iter=1000,
                           n_iter_no_change=5, random_state=3584, shuffle=True,
                           tol=0.001, validation_fraction=0.1, verbose=0,
                           warm_start=False)
2022-05-31 23:51:29,619:INFO:create_model() succesfully completed......................................
2022-05-31 23:51:30,075:INFO:SubProcess create_model() end ==================================
2022-05-31 23:51:30,075:INFO:Creating metrics dataframe
2022-05-31 23:51:30,112:INFO:Initializing Huber Regressor
2022-05-31 23:51:30,113:INFO:Total runtime is 0.6513407627741497 minutes
2022-05-31 23:51:30,142:INFO:SubProcess create_model() called ==================================
2022-05-31 23:51:30,143:INFO:Initializing create_model()
2022-05-31 23:51:30,144:INFO:create_model(estimator=huber, fold=KFold(n_splits=10, random_state=None, shuffle=False), round=4, cross_validation=True, predict=True, fit_kwargs={}, groups=None, refit=False, verbose=False, system=False, metrics=None, experiment_custom_tags=None, add_to_model_list=True, probability_threshold=None, display=<pycaret.internal.Display.Display object at 0x000001BBEE86BF60>, return_train_score=False, kwargs={})
2022-05-31 23:51:30,144:INFO:Checking exceptions
2022-05-31 23:51:30,144:INFO:Importing libraries
2022-05-31 23:51:30,144:INFO:Copying training dataset
2022-05-31 23:51:30,152:INFO:Defining folds
2022-05-31 23:51:30,153:INFO:Declaring metric variables
2022-05-31 23:51:30,178:INFO:Importing untrained model
2022-05-31 23:51:30,210:INFO:Huber Regressor Imported succesfully
2022-05-31 23:51:30,259:INFO:Starting cross validation
2022-05-31 23:51:30,259:INFO:Cross validating with KFold(n_splits=10, random_state=None, shuffle=False), n_jobs=-1
2022-05-31 23:52:13,397:INFO:Calculating mean and std
2022-05-31 23:52:13,401:INFO:Creating metrics dataframe
2022-05-31 23:52:13,422:INFO:Uploading results into container
2022-05-31 23:52:13,422:INFO:Uploading model into container now
2022-05-31 23:52:13,423:INFO:create_model_container: 10
2022-05-31 23:52:13,423:INFO:master_model_container: 10
2022-05-31 23:52:13,424:INFO:display_container: 2
2022-05-31 23:52:13,425:INFO:HuberRegressor(alpha=0.0001, epsilon=1.35, fit_intercept=True, max_iter=100,
               tol=1e-05, warm_start=False)
2022-05-31 23:52:13,425:INFO:create_model() succesfully completed......................................
2022-05-31 23:52:13,849:INFO:SubProcess create_model() end ==================================
2022-05-31 23:52:13,849:INFO:Creating metrics dataframe
2022-05-31 23:52:13,902:INFO:Initializing K Neighbors Regressor
2022-05-31 23:52:13,902:INFO:Total runtime is 1.381150019168854 minutes
2022-05-31 23:52:13,933:INFO:SubProcess create_model() called ==================================
2022-05-31 23:52:13,935:INFO:Initializing create_model()
2022-05-31 23:52:13,936:INFO:create_model(estimator=knn, fold=KFold(n_splits=10, random_state=None, shuffle=False), round=4, cross_validation=True, predict=True, fit_kwargs={}, groups=None, refit=False, verbose=False, system=False, metrics=None, experiment_custom_tags=None, add_to_model_list=True, probability_threshold=None, display=<pycaret.internal.Display.Display object at 0x000001BBEE86BF60>, return_train_score=False, kwargs={})
2022-05-31 23:52:13,937:INFO:Checking exceptions
2022-05-31 23:52:13,937:INFO:Importing libraries
2022-05-31 23:52:13,937:INFO:Copying training dataset
2022-05-31 23:52:13,946:INFO:Defining folds
2022-05-31 23:52:13,947:INFO:Declaring metric variables
2022-05-31 23:52:13,971:INFO:Importing untrained model
2022-05-31 23:52:13,998:INFO:K Neighbors Regressor Imported succesfully
2022-05-31 23:52:14,045:INFO:Starting cross validation
2022-05-31 23:52:14,047:INFO:Cross validating with KFold(n_splits=10, random_state=None, shuffle=False), n_jobs=-1
2022-06-01 09:21:29,912:INFO:Calculating mean and std
2022-06-01 09:21:30,083:INFO:Creating metrics dataframe
2022-06-01 09:21:30,332:INFO:Uploading results into container
2022-06-01 09:21:30,334:INFO:Uploading model into container now
2022-06-01 09:21:30,336:INFO:create_model_container: 11
2022-06-01 09:21:30,338:INFO:master_model_container: 11
2022-06-01 09:21:30,338:INFO:display_container: 2
2022-06-01 09:21:30,355:INFO:KNeighborsRegressor(algorithm='auto', leaf_size=30, metric='minkowski',
                    metric_params=None, n_jobs=-1, n_neighbors=5, p=2,
                    weights='uniform')
2022-06-01 09:21:30,355:INFO:create_model() succesfully completed......................................
2022-06-01 09:21:33,673:INFO:SubProcess create_model() end ==================================
2022-06-01 09:21:33,673:INFO:Creating metrics dataframe
2022-06-01 09:21:33,759:INFO:Initializing Decision Tree Regressor
2022-06-01 09:21:33,760:INFO:Total runtime is 570.712114195029 minutes
2022-06-01 09:21:33,788:INFO:SubProcess create_model() called ==================================
2022-06-01 09:21:33,789:INFO:Initializing create_model()
2022-06-01 09:21:33,790:INFO:create_model(estimator=dt, fold=KFold(n_splits=10, random_state=None, shuffle=False), round=4, cross_validation=True, predict=True, fit_kwargs={}, groups=None, refit=False, verbose=False, system=False, metrics=None, experiment_custom_tags=None, add_to_model_list=True, probability_threshold=None, display=<pycaret.internal.Display.Display object at 0x000001BBEE86BF60>, return_train_score=False, kwargs={})
2022-06-01 09:21:33,791:INFO:Checking exceptions
2022-06-01 09:21:33,791:INFO:Importing libraries
2022-06-01 09:21:33,793:INFO:Copying training dataset
2022-06-01 09:21:33,864:INFO:Defining folds
2022-06-01 09:21:33,865:INFO:Declaring metric variables
2022-06-01 09:21:33,884:INFO:Importing untrained model
2022-06-01 09:21:33,905:INFO:Decision Tree Regressor Imported succesfully
2022-06-01 09:21:33,947:INFO:Starting cross validation
2022-06-01 09:21:33,950:INFO:Cross validating with KFold(n_splits=10, random_state=None, shuffle=False), n_jobs=-1
2022-06-01 09:22:07,863:INFO:Calculating mean and std
2022-06-01 09:22:07,865:INFO:Creating metrics dataframe
2022-06-01 09:22:07,876:INFO:Uploading results into container
2022-06-01 09:22:07,877:INFO:Uploading model into container now
2022-06-01 09:22:07,878:INFO:create_model_container: 12
2022-06-01 09:22:07,878:INFO:master_model_container: 12
2022-06-01 09:22:07,878:INFO:display_container: 2
2022-06-01 09:22:07,879:INFO:DecisionTreeRegressor(ccp_alpha=0.0, criterion='mse', max_depth=None,
                      max_features=None, max_leaf_nodes=None,
                      min_impurity_decrease=0.0, min_impurity_split=None,
                      min_samples_leaf=1, min_samples_split=2,
                      min_weight_fraction_leaf=0.0, presort='deprecated',
                      random_state=3584, splitter='best')
2022-06-01 09:22:07,880:INFO:create_model() succesfully completed......................................
2022-06-01 09:22:08,193:INFO:SubProcess create_model() end ==================================
2022-06-01 09:22:08,193:INFO:Creating metrics dataframe
2022-06-01 09:22:08,227:INFO:Initializing Random Forest Regressor
2022-06-01 09:22:08,227:INFO:Total runtime is 571.2865692456564 minutes
2022-06-01 09:22:08,242:INFO:SubProcess create_model() called ==================================
2022-06-01 09:22:08,243:INFO:Initializing create_model()
2022-06-01 09:22:08,244:INFO:create_model(estimator=rf, fold=KFold(n_splits=10, random_state=None, shuffle=False), round=4, cross_validation=True, predict=True, fit_kwargs={}, groups=None, refit=False, verbose=False, system=False, metrics=None, experiment_custom_tags=None, add_to_model_list=True, probability_threshold=None, display=<pycaret.internal.Display.Display object at 0x000001BBEE86BF60>, return_train_score=False, kwargs={})
2022-06-01 09:22:08,244:INFO:Checking exceptions
2022-06-01 09:22:08,244:INFO:Importing libraries
2022-06-01 09:22:08,244:INFO:Copying training dataset
2022-06-01 09:22:08,250:INFO:Defining folds
2022-06-01 09:22:08,251:INFO:Declaring metric variables
2022-06-01 09:22:08,270:INFO:Importing untrained model
2022-06-01 09:22:08,292:INFO:Random Forest Regressor Imported succesfully
2022-06-01 09:22:08,333:INFO:Starting cross validation
2022-06-01 09:22:08,334:INFO:Cross validating with KFold(n_splits=10, random_state=None, shuffle=False), n_jobs=-1
2022-06-01 09:31:48,391:INFO:Calculating mean and std
2022-06-01 09:31:48,438:INFO:Creating metrics dataframe
2022-06-01 09:31:48,514:INFO:Uploading results into container
2022-06-01 09:31:48,515:INFO:Uploading model into container now
2022-06-01 09:31:48,515:INFO:create_model_container: 13
2022-06-01 09:31:48,515:INFO:master_model_container: 13
2022-06-01 09:31:48,515:INFO:display_container: 2
2022-06-01 09:31:48,521:INFO:RandomForestRegressor(bootstrap=True, ccp_alpha=0.0, criterion='mse',
                      max_depth=None, max_features='auto', max_leaf_nodes=None,
                      max_samples=None, min_impurity_decrease=0.0,
                      min_impurity_split=None, min_samples_leaf=1,
                      min_samples_split=2, min_weight_fraction_leaf=0.0,
                      n_estimators=100, n_jobs=-1, oob_score=False,
                      random_state=3584, verbose=0, warm_start=False)
2022-06-01 09:31:48,522:INFO:create_model() succesfully completed......................................
2022-06-01 09:31:49,555:INFO:SubProcess create_model() end ==================================
2022-06-01 09:31:49,555:INFO:Creating metrics dataframe
2022-06-01 09:31:49,620:INFO:Initializing Extra Trees Regressor
2022-06-01 09:31:49,620:INFO:Total runtime is 580.9764577706655 minutes
2022-06-01 09:31:49,645:INFO:SubProcess create_model() called ==================================
2022-06-01 09:31:49,646:INFO:Initializing create_model()
2022-06-01 09:31:49,647:INFO:create_model(estimator=et, fold=KFold(n_splits=10, random_state=None, shuffle=False), round=4, cross_validation=True, predict=True, fit_kwargs={}, groups=None, refit=False, verbose=False, system=False, metrics=None, experiment_custom_tags=None, add_to_model_list=True, probability_threshold=None, display=<pycaret.internal.Display.Display object at 0x000001BBEE86BF60>, return_train_score=False, kwargs={})
2022-06-01 09:31:49,647:INFO:Checking exceptions
2022-06-01 09:31:49,648:INFO:Importing libraries
2022-06-01 09:31:49,649:INFO:Copying training dataset
2022-06-01 09:31:49,681:INFO:Defining folds
2022-06-01 09:31:49,682:INFO:Declaring metric variables
2022-06-01 09:31:49,704:INFO:Importing untrained model
2022-06-01 09:31:49,726:INFO:Extra Trees Regressor Imported succesfully
2022-06-01 09:31:49,773:INFO:Starting cross validation
2022-06-01 09:31:49,774:INFO:Cross validating with KFold(n_splits=10, random_state=None, shuffle=False), n_jobs=-1
2022-06-01 09:39:29,571:INFO:Calculating mean and std
2022-06-01 09:39:29,575:INFO:Creating metrics dataframe
2022-06-01 09:39:29,591:INFO:Uploading results into container
2022-06-01 09:39:29,591:INFO:Uploading model into container now
2022-06-01 09:39:29,591:INFO:create_model_container: 14
2022-06-01 09:39:29,592:INFO:master_model_container: 14
2022-06-01 09:39:29,592:INFO:display_container: 2
2022-06-01 09:39:29,594:INFO:ExtraTreesRegressor(bootstrap=False, ccp_alpha=0.0, criterion='mse',
                    max_depth=None, max_features='auto', max_leaf_nodes=None,
                    max_samples=None, min_impurity_decrease=0.0,
                    min_impurity_split=None, min_samples_leaf=1,
                    min_samples_split=2, min_weight_fraction_leaf=0.0,
                    n_estimators=100, n_jobs=-1, oob_score=False,
                    random_state=3584, verbose=0, warm_start=False)
2022-06-01 09:39:29,594:INFO:create_model() succesfully completed......................................
2022-06-01 09:39:29,961:INFO:SubProcess create_model() end ==================================
2022-06-01 09:39:29,961:INFO:Creating metrics dataframe
2022-06-01 09:39:29,999:INFO:Initializing AdaBoost Regressor
2022-06-01 09:39:29,999:INFO:Total runtime is 588.6494300921759 minutes
2022-06-01 09:39:30,015:INFO:SubProcess create_model() called ==================================
2022-06-01 09:39:30,016:INFO:Initializing create_model()
2022-06-01 09:39:30,016:INFO:create_model(estimator=ada, fold=KFold(n_splits=10, random_state=None, shuffle=False), round=4, cross_validation=True, predict=True, fit_kwargs={}, groups=None, refit=False, verbose=False, system=False, metrics=None, experiment_custom_tags=None, add_to_model_list=True, probability_threshold=None, display=<pycaret.internal.Display.Display object at 0x000001BBEE86BF60>, return_train_score=False, kwargs={})
2022-06-01 09:39:30,017:INFO:Checking exceptions
2022-06-01 09:39:30,017:INFO:Importing libraries
2022-06-01 09:39:30,017:INFO:Copying training dataset
2022-06-01 09:39:30,027:INFO:Defining folds
2022-06-01 09:39:30,027:INFO:Declaring metric variables
2022-06-01 09:39:30,047:INFO:Importing untrained model
2022-06-01 09:39:30,065:INFO:AdaBoost Regressor Imported succesfully
2022-06-01 09:39:30,106:INFO:Starting cross validation
2022-06-01 09:39:30,107:INFO:Cross validating with KFold(n_splits=10, random_state=None, shuffle=False), n_jobs=-1
2022-06-01 09:39:50,708:INFO:Calculating mean and std
2022-06-01 09:39:50,712:INFO:Creating metrics dataframe
2022-06-01 09:39:50,730:INFO:Uploading results into container
2022-06-01 09:39:50,731:INFO:Uploading model into container now
2022-06-01 09:39:50,731:INFO:create_model_container: 15
2022-06-01 09:39:50,732:INFO:master_model_container: 15
2022-06-01 09:39:50,732:INFO:display_container: 2
2022-06-01 09:39:50,734:INFO:AdaBoostRegressor(base_estimator=None, learning_rate=1.0, loss='linear',
                  n_estimators=50, random_state=3584)
2022-06-01 09:39:50,734:INFO:create_model() succesfully completed......................................
2022-06-01 09:39:50,990:INFO:SubProcess create_model() end ==================================
2022-06-01 09:39:50,990:INFO:Creating metrics dataframe
2022-06-01 09:39:51,019:INFO:Initializing Gradient Boosting Regressor
2022-06-01 09:39:51,020:INFO:Total runtime is 588.9997859080634 minutes
2022-06-01 09:39:51,037:INFO:SubProcess create_model() called ==================================
2022-06-01 09:39:51,038:INFO:Initializing create_model()
2022-06-01 09:39:51,038:INFO:create_model(estimator=gbr, fold=KFold(n_splits=10, random_state=None, shuffle=False), round=4, cross_validation=True, predict=True, fit_kwargs={}, groups=None, refit=False, verbose=False, system=False, metrics=None, experiment_custom_tags=None, add_to_model_list=True, probability_threshold=None, display=<pycaret.internal.Display.Display object at 0x000001BBEE86BF60>, return_train_score=False, kwargs={})
2022-06-01 09:39:51,039:INFO:Checking exceptions
2022-06-01 09:39:51,039:INFO:Importing libraries
2022-06-01 09:39:51,039:INFO:Copying training dataset
2022-06-01 09:39:51,044:INFO:Defining folds
2022-06-01 09:39:51,044:INFO:Declaring metric variables
2022-06-01 09:39:51,068:INFO:Importing untrained model
2022-06-01 09:39:51,086:INFO:Gradient Boosting Regressor Imported succesfully
2022-06-01 09:39:51,124:INFO:Starting cross validation
2022-06-01 09:39:51,125:INFO:Cross validating with KFold(n_splits=10, random_state=None, shuffle=False), n_jobs=-1
2022-06-01 09:43:55,320:INFO:Calculating mean and std
2022-06-01 09:43:55,323:INFO:Creating metrics dataframe
2022-06-01 09:43:55,331:INFO:Uploading results into container
2022-06-01 09:43:55,332:INFO:Uploading model into container now
2022-06-01 09:43:55,332:INFO:create_model_container: 16
2022-06-01 09:43:55,332:INFO:master_model_container: 16
2022-06-01 09:43:55,333:INFO:display_container: 2
2022-06-01 09:43:55,334:INFO:GradientBoostingRegressor(alpha=0.9, ccp_alpha=0.0, criterion='friedman_mse',
                          init=None, learning_rate=0.1, loss='ls', max_depth=3,
                          max_features=None, max_leaf_nodes=None,
                          min_impurity_decrease=0.0, min_impurity_split=None,
                          min_samples_leaf=1, min_samples_split=2,
                          min_weight_fraction_leaf=0.0, n_estimators=100,
                          n_iter_no_change=None, presort='deprecated',
                          random_state=3584, subsample=1.0, tol=0.0001,
                          validation_fraction=0.1, verbose=0, warm_start=False)
2022-06-01 09:43:55,335:INFO:create_model() succesfully completed......................................
2022-06-01 09:43:55,593:INFO:SubProcess create_model() end ==================================
2022-06-01 09:43:55,594:INFO:Creating metrics dataframe
2022-06-01 09:43:55,621:INFO:Initializing Extreme Gradient Boosting
2022-06-01 09:43:55,622:INFO:Total runtime is 593.0764853795371 minutes
2022-06-01 09:43:55,635:INFO:SubProcess create_model() called ==================================
2022-06-01 09:43:55,636:INFO:Initializing create_model()
2022-06-01 09:43:55,636:INFO:create_model(estimator=xgboost, fold=KFold(n_splits=10, random_state=None, shuffle=False), round=4, cross_validation=True, predict=True, fit_kwargs={}, groups=None, refit=False, verbose=False, system=False, metrics=None, experiment_custom_tags=None, add_to_model_list=True, probability_threshold=None, display=<pycaret.internal.Display.Display object at 0x000001BBEE86BF60>, return_train_score=False, kwargs={})
2022-06-01 09:43:55,637:INFO:Checking exceptions
2022-06-01 09:43:55,637:INFO:Importing libraries
2022-06-01 09:43:55,637:INFO:Copying training dataset
2022-06-01 09:43:55,643:INFO:Defining folds
2022-06-01 09:43:55,644:INFO:Declaring metric variables
2022-06-01 09:43:55,657:INFO:Importing untrained model
2022-06-01 09:43:55,676:INFO:Extreme Gradient Boosting Imported succesfully
2022-06-01 09:43:55,718:INFO:Starting cross validation
2022-06-01 09:43:55,722:INFO:Cross validating with KFold(n_splits=10, random_state=None, shuffle=False), n_jobs=-1
2022-06-01 09:48:04,219:INFO:Calculating mean and std
2022-06-01 09:48:04,221:INFO:Creating metrics dataframe
2022-06-01 09:48:04,232:INFO:Uploading results into container
2022-06-01 09:48:04,232:INFO:Uploading model into container now
2022-06-01 09:48:04,232:INFO:create_model_container: 17
2022-06-01 09:48:04,232:INFO:master_model_container: 17
2022-06-01 09:48:04,233:INFO:display_container: 2
2022-06-01 09:48:04,235:INFO:XGBRegressor(base_score=None, booster='gbtree', callbacks=None,
             colsample_bylevel=None, colsample_bynode=None,
             colsample_bytree=None, early_stopping_rounds=None,
             enable_categorical=False, eval_metric=None, gamma=None,
             gpu_id=None, grow_policy=None, importance_type=None,
             interaction_constraints=None, learning_rate=None, max_bin=None,
             max_cat_to_onehot=None, max_delta_step=None, max_depth=None,
             max_leaves=None, min_child_weight=None, missing=nan,
             monotone_constraints=None, n_estimators=100, n_jobs=-1,
             num_parallel_tree=None, objective='reg:squarederror',
             predictor=None, random_state=3584, reg_alpha=None, ...)
2022-06-01 09:48:04,238:INFO:create_model() succesfully completed......................................
2022-06-01 09:48:04,543:INFO:SubProcess create_model() end ==================================
2022-06-01 09:48:04,543:INFO:Creating metrics dataframe
2022-06-01 09:48:04,580:INFO:Initializing Light Gradient Boosting Machine
2022-06-01 09:48:04,581:INFO:Total runtime is 597.2258004426958 minutes
2022-06-01 09:48:04,601:INFO:SubProcess create_model() called ==================================
2022-06-01 09:48:04,602:INFO:Initializing create_model()
2022-06-01 09:48:04,603:INFO:create_model(estimator=lightgbm, fold=KFold(n_splits=10, random_state=None, shuffle=False), round=4, cross_validation=True, predict=True, fit_kwargs={}, groups=None, refit=False, verbose=False, system=False, metrics=None, experiment_custom_tags=None, add_to_model_list=True, probability_threshold=None, display=<pycaret.internal.Display.Display object at 0x000001BBEE86BF60>, return_train_score=False, kwargs={})
2022-06-01 09:48:04,603:INFO:Checking exceptions
2022-06-01 09:48:04,603:INFO:Importing libraries
2022-06-01 09:48:04,604:INFO:Copying training dataset
2022-06-01 09:48:04,610:INFO:Defining folds
2022-06-01 09:48:04,610:INFO:Declaring metric variables
2022-06-01 09:48:04,635:INFO:Importing untrained model
2022-06-01 09:48:04,657:INFO:Light Gradient Boosting Machine Imported succesfully
2022-06-01 09:48:04,697:INFO:Starting cross validation
2022-06-01 09:48:04,699:INFO:Cross validating with KFold(n_splits=10, random_state=None, shuffle=False), n_jobs=-1
2022-06-01 09:48:43,412:INFO:Calculating mean and std
2022-06-01 09:48:43,416:INFO:Creating metrics dataframe
2022-06-01 09:48:43,430:INFO:Uploading results into container
2022-06-01 09:48:43,431:INFO:Uploading model into container now
2022-06-01 09:48:43,431:INFO:create_model_container: 18
2022-06-01 09:48:43,431:INFO:master_model_container: 18
2022-06-01 09:48:43,431:INFO:display_container: 2
2022-06-01 09:48:43,432:INFO:LGBMRegressor(boosting_type='gbdt', class_weight=None, colsample_bytree=1.0,
              importance_type='split', learning_rate=0.1, max_depth=-1,
              min_child_samples=20, min_child_weight=0.001, min_split_gain=0.0,
              n_estimators=100, n_jobs=-1, num_leaves=31, objective=None,
              random_state=3584, reg_alpha=0.0, reg_lambda=0.0, silent='warn',
              subsample=1.0, subsample_for_bin=200000, subsample_freq=0)
2022-06-01 09:48:43,433:INFO:create_model() succesfully completed......................................
2022-06-01 09:48:43,909:INFO:SubProcess create_model() end ==================================
2022-06-01 09:48:43,909:INFO:Creating metrics dataframe
2022-06-01 09:48:43,949:INFO:Initializing CatBoost Regressor
2022-06-01 09:48:43,949:INFO:Total runtime is 597.8819418509803 minutes
2022-06-01 09:48:43,970:INFO:SubProcess create_model() called ==================================
2022-06-01 09:48:43,971:INFO:Initializing create_model()
2022-06-01 09:48:43,971:INFO:create_model(estimator=catboost, fold=KFold(n_splits=10, random_state=None, shuffle=False), round=4, cross_validation=True, predict=True, fit_kwargs={}, groups=None, refit=False, verbose=False, system=False, metrics=None, experiment_custom_tags=None, add_to_model_list=True, probability_threshold=None, display=<pycaret.internal.Display.Display object at 0x000001BBEE86BF60>, return_train_score=False, kwargs={})
2022-06-01 09:48:43,973:INFO:Checking exceptions
2022-06-01 09:48:43,973:INFO:Importing libraries
2022-06-01 09:48:43,974:INFO:Copying training dataset
2022-06-01 09:48:43,980:INFO:Defining folds
2022-06-01 09:48:43,981:INFO:Declaring metric variables
2022-06-01 09:48:44,001:INFO:Importing untrained model
2022-06-01 09:48:44,036:INFO:CatBoost Regressor Imported succesfully
2022-06-01 09:48:44,087:INFO:Starting cross validation
2022-06-01 09:48:44,093:INFO:Cross validating with KFold(n_splits=10, random_state=None, shuffle=False), n_jobs=-1
2022-06-01 10:11:01,522:INFO:Calculating mean and std
2022-06-01 10:11:01,744:INFO:Creating metrics dataframe
2022-06-01 10:11:02,035:INFO:Uploading results into container
2022-06-01 10:11:02,036:INFO:Uploading model into container now
2022-06-01 10:11:02,037:INFO:create_model_container: 19
2022-06-01 10:11:02,038:INFO:master_model_container: 19
2022-06-01 10:11:02,038:INFO:display_container: 2
2022-06-01 10:11:02,062:INFO:<catboost.core.CatBoostRegressor object at 0x000001BBDD47D588>
2022-06-01 10:11:02,063:INFO:create_model() succesfully completed......................................
2022-06-01 10:11:06,273:INFO:SubProcess create_model() end ==================================
2022-06-01 10:11:06,273:INFO:Creating metrics dataframe
2022-06-01 10:11:06,442:INFO:Initializing Dummy Regressor
2022-06-01 10:11:06,442:INFO:Total runtime is 620.2568100333216 minutes
2022-06-01 10:11:06,499:INFO:SubProcess create_model() called ==================================
2022-06-01 10:11:06,500:INFO:Initializing create_model()
2022-06-01 10:11:06,500:INFO:create_model(estimator=dummy, fold=KFold(n_splits=10, random_state=None, shuffle=False), round=4, cross_validation=True, predict=True, fit_kwargs={}, groups=None, refit=False, verbose=False, system=False, metrics=None, experiment_custom_tags=None, add_to_model_list=True, probability_threshold=None, display=<pycaret.internal.Display.Display object at 0x000001BBEE86BF60>, return_train_score=False, kwargs={})
2022-06-01 10:11:06,500:INFO:Checking exceptions
2022-06-01 10:11:06,501:INFO:Importing libraries
2022-06-01 10:11:06,502:INFO:Copying training dataset
2022-06-01 10:11:06,640:INFO:Defining folds
2022-06-01 10:11:06,641:INFO:Declaring metric variables
2022-06-01 10:11:06,706:INFO:Importing untrained model
2022-06-01 10:11:06,737:INFO:Dummy Regressor Imported succesfully
2022-06-01 10:11:06,794:INFO:Starting cross validation
2022-06-01 10:11:06,796:INFO:Cross validating with KFold(n_splits=10, random_state=None, shuffle=False), n_jobs=-1
2022-06-01 10:11:10,018:INFO:Calculating mean and std
2022-06-01 10:11:10,021:INFO:Creating metrics dataframe
2022-06-01 10:11:10,035:INFO:Uploading results into container
2022-06-01 10:11:10,035:INFO:Uploading model into container now
2022-06-01 10:11:10,035:INFO:create_model_container: 20
2022-06-01 10:11:10,036:INFO:master_model_container: 20
2022-06-01 10:11:10,036:INFO:display_container: 2
2022-06-01 10:11:10,038:INFO:DummyRegressor(constant=None, quantile=None, strategy='mean')
2022-06-01 10:11:10,038:INFO:create_model() succesfully completed......................................
2022-06-01 10:11:10,648:INFO:SubProcess create_model() end ==================================
2022-06-01 10:11:10,648:INFO:Creating metrics dataframe
2022-06-01 10:11:10,793:INFO:Initializing create_model()
2022-06-01 10:11:10,794:INFO:create_model(estimator=AdaBoostRegressor(base_estimator=None, learning_rate=1.0, loss='linear',
                  n_estimators=50, random_state=3584), fold=KFold(n_splits=10, random_state=None, shuffle=False), round=4, cross_validation=False, predict=False, fit_kwargs={}, groups=None, refit=True, verbose=False, system=False, metrics=None, experiment_custom_tags=None, add_to_model_list=True, probability_threshold=None, display=None, return_train_score=False, kwargs={})
2022-06-01 10:11:10,794:INFO:Checking exceptions
2022-06-01 10:11:10,836:INFO:Importing libraries
2022-06-01 10:11:10,836:INFO:Copying training dataset
2022-06-01 10:11:10,845:INFO:Defining folds
2022-06-01 10:11:10,845:INFO:Declaring metric variables
2022-06-01 10:11:10,845:INFO:Importing untrained model
2022-06-01 10:11:10,845:INFO:Declaring custom model
2022-06-01 10:11:10,846:INFO:AdaBoost Regressor Imported succesfully
2022-06-01 10:11:10,847:INFO:Cross validation set to False
2022-06-01 10:11:10,847:INFO:Fitting Model
2022-06-01 10:11:22,435:INFO:AdaBoostRegressor(base_estimator=None, learning_rate=1.0, loss='linear',
                  n_estimators=50, random_state=3584)
2022-06-01 10:11:22,436:INFO:create_models() succesfully completed......................................
2022-06-01 10:11:23,209:INFO:Creating Dashboard logs
2022-06-01 10:11:23,228:INFO:Model: AdaBoost Regressor
2022-06-01 10:11:23,432:INFO:logged params: {'base_estimator': None, 'learning_rate': 1.0, 'loss': 'linear', 'n_estimators': 50, 'random_state': 3584}
2022-06-01 10:11:23,686:INFO:Initializing predict_model()
2022-06-01 10:11:23,686:INFO:predict_model(estimator=AdaBoostRegressor(base_estimator=None, learning_rate=1.0, loss='linear',
                  n_estimators=50, random_state=3584), probability_threshold=None, encoded_labels=False, drift_report=False, raw_score=False, round=4, verbose=False, ml_usecase=None, display=None, drift_kwargs=None)
2022-06-01 10:11:23,686:INFO:Checking exceptions
2022-06-01 10:11:23,686:INFO:Preloading libraries
2022-06-01 10:11:25,181:INFO:SubProcess plot_model() called ==================================
2022-06-01 10:11:25,182:INFO:Initializing plot_model()
2022-06-01 10:11:25,182:INFO:plot_model(fold=None, use_train_data=False, verbose=False, is_in_evaluate=False, display=None, display_format=None, estimator=AdaBoostRegressor(base_estimator=None, learning_rate=1.0, loss='linear',
                  n_estimators=50, random_state=3584), feature_name=None, fit_kwargs=None, groups=None, label=False, plot=residuals, plot_kwargs=None, save=True, scale=1, system=False)
2022-06-01 10:11:25,182:INFO:Checking exceptions
2022-06-01 10:11:25,183:INFO:Preloading libraries
2022-06-01 10:11:25,226:INFO:Copying training dataset
2022-06-01 10:11:25,232:INFO:Copying test dataset
2022-06-01 10:11:25,235:INFO:Plot type: residuals
2022-06-01 10:11:25,980:INFO:Fitting Model
2022-06-01 10:11:28,716:INFO:Scoring test/hold-out set
2022-06-01 10:11:29,575:INFO:Saving 'Residuals.png'
2022-06-01 10:11:44,508:INFO:Visual Rendered Successfully
2022-06-01 10:11:45,179:INFO:plot_model() succesfully completed......................................
2022-06-01 10:11:45,189:INFO:Initializing plot_model()
2022-06-01 10:11:45,189:INFO:plot_model(fold=None, use_train_data=False, verbose=False, is_in_evaluate=False, display=None, display_format=None, estimator=AdaBoostRegressor(base_estimator=None, learning_rate=1.0, loss='linear',
                  n_estimators=50, random_state=3584), feature_name=None, fit_kwargs=None, groups=None, label=False, plot=error, plot_kwargs=None, save=True, scale=1, system=False)
2022-06-01 10:11:45,189:INFO:Checking exceptions
2022-06-01 10:11:45,190:INFO:Preloading libraries
2022-06-01 10:11:45,191:INFO:Copying training dataset
2022-06-01 10:11:45,202:INFO:Copying test dataset
2022-06-01 10:11:45,205:INFO:Plot type: error
2022-06-01 10:11:45,208:INFO:Fitting Model
2022-06-01 10:11:45,209:INFO:Scoring test/hold-out set
2022-06-01 10:11:46,469:INFO:Saving 'Prediction Error.png'
2022-06-01 10:11:51,212:INFO:Visual Rendered Successfully
2022-06-01 10:11:52,035:INFO:plot_model() succesfully completed......................................
2022-06-01 10:11:52,043:INFO:Initializing plot_model()
2022-06-01 10:11:52,043:INFO:plot_model(fold=None, use_train_data=False, verbose=False, is_in_evaluate=False, display=None, display_format=None, estimator=AdaBoostRegressor(base_estimator=None, learning_rate=1.0, loss='linear',
                  n_estimators=50, random_state=3584), feature_name=None, fit_kwargs=None, groups=None, label=False, plot=feature, plot_kwargs=None, save=True, scale=1, system=False)
2022-06-01 10:11:52,044:INFO:Checking exceptions
2022-06-01 10:11:52,044:INFO:Preloading libraries
2022-06-01 10:11:52,045:INFO:Copying training dataset
2022-06-01 10:11:52,055:INFO:Copying test dataset
2022-06-01 10:11:52,058:INFO:Plot type: feature
2022-06-01 10:11:52,060:WARNING:No coef_ found. Trying feature_importances_
2022-06-01 10:11:52,258:INFO:Saving 'Feature Importance.png'
2022-06-01 10:11:53,038:INFO:Visual Rendered Successfully
2022-06-01 10:11:53,825:INFO:plot_model() succesfully completed......................................
2022-06-01 10:11:53,833:INFO:SubProcess plot_model() end ==================================
2022-06-01 10:11:55,326:INFO:Creating Dashboard logs
2022-06-01 10:11:55,351:INFO:Model: Gradient Boosting Regressor
2022-06-01 10:11:55,535:INFO:logged params: {'alpha': 0.9, 'ccp_alpha': 0.0, 'criterion': 'friedman_mse', 'init': None, 'learning_rate': 0.1, 'loss': 'ls', 'max_depth': 3, 'max_features': None, 'max_leaf_nodes': None, 'min_impurity_decrease': 0.0, 'min_impurity_split': None, 'min_samples_leaf': 1, 'min_samples_split': 2, 'min_weight_fraction_leaf': 0.0, 'n_estimators': 100, 'n_iter_no_change': None, 'presort': 'deprecated', 'random_state': 3584, 'subsample': 1.0, 'tol': 0.0001, 'validation_fraction': 0.1, 'verbose': 0, 'warm_start': False}
2022-06-01 10:11:57,208:INFO:Creating Dashboard logs
2022-06-01 10:11:57,301:INFO:Model: Linear Regression
2022-06-01 10:11:57,390:INFO:logged params: {'copy_X': True, 'fit_intercept': True, 'n_jobs': -1, 'normalize': False}
2022-06-01 10:11:58,968:INFO:Creating Dashboard logs
2022-06-01 10:11:59,037:INFO:Model: Lasso Regression
2022-06-01 10:11:59,141:INFO:logged params: {'alpha': 1.0, 'copy_X': True, 'fit_intercept': True, 'max_iter': 1000, 'normalize': False, 'positive': False, 'precompute': False, 'random_state': 3584, 'selection': 'cyclic', 'tol': 0.0001, 'warm_start': False}
2022-06-01 10:12:00,487:INFO:Creating Dashboard logs
2022-06-01 10:12:00,522:INFO:Model: Ridge Regression
2022-06-01 10:12:00,750:INFO:logged params: {'alpha': 1.0, 'copy_X': True, 'fit_intercept': True, 'max_iter': None, 'normalize': False, 'random_state': 3584, 'solver': 'auto', 'tol': 0.001}
2022-06-01 10:12:02,288:INFO:Creating Dashboard logs
2022-06-01 10:12:02,310:INFO:Model: Elastic Net
2022-06-01 10:12:02,453:INFO:logged params: {'alpha': 1.0, 'copy_X': True, 'fit_intercept': True, 'l1_ratio': 0.5, 'max_iter': 1000, 'normalize': False, 'positive': False, 'precompute': False, 'random_state': 3584, 'selection': 'cyclic', 'tol': 0.0001, 'warm_start': False}
2022-06-01 10:12:03,689:INFO:Creating Dashboard logs
2022-06-01 10:12:03,726:INFO:Model: Least Angle Regression
2022-06-01 10:12:03,825:INFO:logged params: {'copy_X': True, 'eps': 2.220446049250313e-16, 'fit_intercept': True, 'fit_path': True, 'jitter': None, 'n_nonzero_coefs': 500, 'normalize': True, 'precompute': 'auto', 'random_state': 3584, 'verbose': False}
2022-06-01 10:12:05,243:INFO:Creating Dashboard logs
2022-06-01 10:12:05,266:INFO:Model: Orthogonal Matching Pursuit
2022-06-01 10:12:05,411:INFO:logged params: {'fit_intercept': True, 'n_nonzero_coefs': None, 'normalize': True, 'precompute': 'auto', 'tol': None}
2022-06-01 10:12:06,815:INFO:Creating Dashboard logs
2022-06-01 10:12:06,884:INFO:Model: Bayesian Ridge
2022-06-01 10:12:06,999:INFO:logged params: {'alpha_1': 1e-06, 'alpha_2': 1e-06, 'alpha_init': None, 'compute_score': False, 'copy_X': True, 'fit_intercept': True, 'lambda_1': 1e-06, 'lambda_2': 1e-06, 'lambda_init': None, 'n_iter': 300, 'normalize': False, 'tol': 0.001, 'verbose': False}
2022-06-01 10:12:08,235:INFO:Creating Dashboard logs
2022-06-01 10:12:08,257:INFO:Model: Dummy Regressor
2022-06-01 10:12:08,367:INFO:logged params: {'constant': None, 'quantile': None, 'strategy': 'mean'}
2022-06-01 10:12:10,047:INFO:Creating Dashboard logs
2022-06-01 10:12:10,068:INFO:Model: Least Angle Regression
2022-06-01 10:12:10,207:INFO:logged params: {'alpha': 1.0, 'copy_X': True, 'eps': 2.220446049250313e-16, 'fit_intercept': True, 'fit_path': True, 'jitter': None, 'max_iter': 500, 'normalize': True, 'positive': False, 'precompute': 'auto', 'random_state': 3584, 'verbose': False}
2022-06-01 10:12:11,657:INFO:Creating Dashboard logs
2022-06-01 10:12:11,680:INFO:Model: Huber Regressor
2022-06-01 10:12:11,924:INFO:logged params: {'alpha': 0.0001, 'epsilon': 1.35, 'fit_intercept': True, 'max_iter': 100, 'tol': 1e-05, 'warm_start': False}
2022-06-01 10:12:13,420:INFO:Creating Dashboard logs
2022-06-01 10:12:13,451:INFO:Model: Passive Aggressive Regressor
2022-06-01 10:12:13,588:INFO:logged params: {'C': 1.0, 'average': False, 'early_stopping': False, 'epsilon': 0.1, 'fit_intercept': True, 'loss': 'epsilon_insensitive', 'max_iter': 1000, 'n_iter_no_change': 5, 'random_state': 3584, 'shuffle': True, 'tol': 0.001, 'validation_fraction': 0.1, 'verbose': 0, 'warm_start': False}
2022-06-01 10:12:14,874:INFO:Creating Dashboard logs
2022-06-01 10:12:14,932:INFO:Model: Light Gradient Boosting Machine
2022-06-01 10:12:15,034:INFO:logged params: {'boosting_type': 'gbdt', 'class_weight': None, 'colsample_bytree': 1.0, 'importance_type': 'split', 'learning_rate': 0.1, 'max_depth': -1, 'min_child_samples': 20, 'min_child_weight': 0.001, 'min_split_gain': 0.0, 'n_estimators': 100, 'n_jobs': -1, 'num_leaves': 31, 'objective': None, 'random_state': 3584, 'reg_alpha': 0.0, 'reg_lambda': 0.0, 'silent': 'warn', 'subsample': 1.0, 'subsample_for_bin': 200000, 'subsample_freq': 0}
2022-06-01 10:12:16,372:INFO:Creating Dashboard logs
2022-06-01 10:12:16,452:INFO:Model: CatBoost Regressor
2022-06-01 10:12:16,655:INFO:logged params: {'loss_function': 'RMSE', 'border_count': 254, 'verbose': False, 'task_type': 'CPU', 'random_state': 3584}
2022-06-01 10:12:18,484:INFO:Creating Dashboard logs
2022-06-01 10:12:18,532:INFO:Model: Random Forest Regressor
2022-06-01 10:12:18,695:INFO:logged params: {'bootstrap': True, 'ccp_alpha': 0.0, 'criterion': 'mse', 'max_depth': None, 'max_features': 'auto', 'max_leaf_nodes': None, 'max_samples': None, 'min_impurity_decrease': 0.0, 'min_impurity_split': None, 'min_samples_leaf': 1, 'min_samples_split': 2, 'min_weight_fraction_leaf': 0.0, 'n_estimators': 100, 'n_jobs': -1, 'oob_score': False, 'random_state': 3584, 'verbose': 0, 'warm_start': False}
2022-06-01 10:12:20,039:INFO:Creating Dashboard logs
2022-06-01 10:12:20,095:INFO:Model: Extra Trees Regressor
2022-06-01 10:12:20,172:INFO:logged params: {'bootstrap': False, 'ccp_alpha': 0.0, 'criterion': 'mse', 'max_depth': None, 'max_features': 'auto', 'max_leaf_nodes': None, 'max_samples': None, 'min_impurity_decrease': 0.0, 'min_impurity_split': None, 'min_samples_leaf': 1, 'min_samples_split': 2, 'min_weight_fraction_leaf': 0.0, 'n_estimators': 100, 'n_jobs': -1, 'oob_score': False, 'random_state': 3584, 'verbose': 0, 'warm_start': False}
2022-06-01 10:12:21,354:INFO:Creating Dashboard logs
2022-06-01 10:12:21,387:INFO:Model: Decision Tree Regressor
2022-06-01 10:12:21,540:INFO:logged params: {'ccp_alpha': 0.0, 'criterion': 'mse', 'max_depth': None, 'max_features': None, 'max_leaf_nodes': None, 'min_impurity_decrease': 0.0, 'min_impurity_split': None, 'min_samples_leaf': 1, 'min_samples_split': 2, 'min_weight_fraction_leaf': 0.0, 'presort': 'deprecated', 'random_state': 3584, 'splitter': 'best'}
2022-06-01 10:12:22,745:INFO:Creating Dashboard logs
2022-06-01 10:12:22,766:INFO:Model: Extreme Gradient Boosting
2022-06-01 10:12:22,911:INFO:logged params: {'objective': 'reg:squarederror', 'base_score': None, 'booster': 'gbtree', 'callbacks': None, 'colsample_bylevel': None, 'colsample_bynode': None, 'colsample_bytree': None, 'early_stopping_rounds': None, 'enable_categorical': False, 'eval_metric': None, 'gamma': None, 'gpu_id': None, 'grow_policy': None, 'importance_type': None, 'interaction_constraints': None, 'learning_rate': None, 'max_bin': None, 'max_cat_to_onehot': None, 'max_delta_step': None, 'max_depth': None, 'max_leaves': None, 'min_child_weight': None, 'missing': nan, 'monotone_constraints': None, 'n_estimators': 100, 'n_jobs': -1, 'num_parallel_tree': None, 'predictor': None, 'random_state': 3584, 'reg_alpha': None, 'reg_lambda': None, 'sampling_method': None, 'scale_pos_weight': None, 'subsample': None, 'tree_method': 'auto', 'validate_parameters': None, 'verbosity': 0}
2022-06-01 10:12:24,129:INFO:Creating Dashboard logs
2022-06-01 10:12:24,148:INFO:Model: K Neighbors Regressor
2022-06-01 10:12:24,286:INFO:logged params: {'algorithm': 'auto', 'leaf_size': 30, 'metric': 'minkowski', 'metric_params': None, 'n_jobs': -1, 'n_neighbors': 5, 'p': 2, 'weights': 'uniform'}
2022-06-01 10:12:26,220:INFO:create_model_container: 20
2022-06-01 10:12:26,221:INFO:master_model_container: 20
2022-06-01 10:12:26,221:INFO:display_container: 2
2022-06-01 10:12:26,222:INFO:AdaBoostRegressor(base_estimator=None, learning_rate=1.0, loss='linear',
                  n_estimators=50, random_state=3584)
2022-06-01 10:12:26,222:INFO:compare_models() succesfully completed......................................
2022-06-01 10:15:19,310:INFO:Initializing evaluate_model()
2022-06-01 10:15:19,310:INFO:evaluate_model(estimator=AdaBoostRegressor(base_estimator=None, learning_rate=1.0, loss='linear',
                  n_estimators=50, random_state=3584), fold=None, fit_kwargs=None, plot_kwargs=None, feature_name=None, groups=None, use_train_data=False)
2022-06-01 10:15:19,380:INFO:Initializing plot_model()
2022-06-01 10:15:19,382:INFO:plot_model(fold=KFold(n_splits=10, random_state=None, shuffle=False), use_train_data=False, verbose=True, is_in_evaluate=True, display=None, display_format=None, estimator=AdaBoostRegressor(base_estimator=None, learning_rate=1.0, loss='linear',
                  n_estimators=50, random_state=3584), feature_name=None, fit_kwargs={}, groups=None, label=False, plot=parameter, plot_kwargs={}, save=False, scale=1, system=True)
2022-06-01 10:15:19,382:INFO:Checking exceptions
2022-06-01 10:15:19,384:INFO:Preparing display monitor
2022-06-01 10:15:19,403:INFO:Preloading libraries
2022-06-01 10:15:19,408:INFO:Copying training dataset
2022-06-01 10:15:19,415:INFO:Copying test dataset
2022-06-01 10:15:19,420:INFO:Plot type: parameter
2022-06-01 10:15:19,440:INFO:Visual Rendered Successfully
2022-06-01 10:15:20,624:INFO:plot_model() succesfully completed......................................
2022-06-01 10:17:39,079:INFO:Initializing predict_model()
2022-06-01 10:17:39,079:INFO:predict_model(estimator=AdaBoostRegressor(base_estimator=None, learning_rate=1.0, loss='linear',
                  n_estimators=50, random_state=3584), probability_threshold=None, encoded_labels=True, drift_report=False, raw_score=False, round=4, verbose=True, ml_usecase=MLUsecase.REGRESSION, display=None, drift_kwargs=None)
2022-06-01 10:17:39,079:INFO:Checking exceptions
2022-06-01 10:17:39,079:INFO:Preloading libraries
2022-06-01 10:17:39,080:INFO:Preparing display monitor
2022-06-01 10:17:41,285:INFO:Initializing save_model()
2022-06-01 10:17:41,285:INFO:save_model(model=AdaBoostRegressor(base_estimator=None, learning_rate=1.0, loss='linear',
                  n_estimators=50, random_state=3584), model_name=models/best_model_reg, prep_pipe_=Pipeline(memory=None,
         steps=[('dtypes',
                 DataTypes_Auto_infer(categorical_features=[],
                                      display_types=True,
                                      features_todrop=['pickup_datetime',
                                                       'dropOff_datetime',
                                                       'SR_Flag',
                                                       'dispatching_base_num',
                                                       'Affiliated_base_number'],
                                      id_columns=[], ml_usecase='regression',
                                      numerical_features=[], target='duration',
                                      time_features=[])),
                ('imputer',
                 Simple_Imputer(categorical_...
                ('scaling', 'passthrough'), ('P_transform', 'passthrough'),
                ('binn', 'passthrough'), ('rem_outliers', 'passthrough'),
                ('cluster_all', 'passthrough'),
                ('dummy', Dummify(target='duration')),
                ('fix_perfect', Remove_100(target='duration')),
                ('clean_names', Clean_Colum_Names()),
                ('feature_select', 'passthrough'), ('fix_multi', 'passthrough'),
                ('dfs', 'passthrough'), ('pca', 'passthrough')],
         verbose=False), verbose=True, kwargs={})
2022-06-01 10:17:41,286:INFO:Adding model into prep_pipe
2022-06-01 10:17:41,308:INFO:models/best_model_reg.pkl saved in current working directory
2022-06-01 10:17:41,322:INFO:Pipeline(memory=None,
         steps=[('dtypes',
                 DataTypes_Auto_infer(categorical_features=[],
                                      display_types=True,
                                      features_todrop=['pickup_datetime',
                                                       'dropOff_datetime',
                                                       'SR_Flag',
                                                       'dispatching_base_num',
                                                       'Affiliated_base_number'],
                                      id_columns=[], ml_usecase='regression',
                                      numerical_features=[], target='duration',
                                      time_features=[])),
                ('imputer',
                 Simple_Imputer(categorical_...
                ('dummy', Dummify(target='duration')),
                ('fix_perfect', Remove_100(target='duration')),
                ('clean_names', Clean_Colum_Names()),
                ('feature_select', 'passthrough'), ('fix_multi', 'passthrough'),
                ('dfs', 'passthrough'), ('pca', 'passthrough'),
                ['trained_model',
                 AdaBoostRegressor(base_estimator=None, learning_rate=1.0,
                                   loss='linear', n_estimators=50,
                                   random_state=3584)]],
         verbose=False)
2022-06-01 10:17:41,323:INFO:save_model() successfully completed......................................
